TN:
SF:src/index.ts
FN:17,(anonymous_1)
FN:31,(anonymous_2)
FNF:2
FNH:1
FNDA:0,(anonymous_1)
FNDA:5,(anonymous_2)
DA:1,5
DA:2,5
DA:3,5
DA:4,5
DA:5,5
DA:6,5
DA:7,5
DA:8,5
DA:10,5
DA:12,5
DA:14,5
DA:15,5
DA:17,5
DA:18,0
DA:22,5
DA:23,5
DA:24,5
DA:25,5
DA:26,5
DA:28,5
DA:30,5
DA:31,5
DA:32,5
LF:23
LH:22
BRDA:30,0,0,5
BRDA:30,0,1,5
BRF:2
BRH:2
end_of_record
TN:
SF:src/api_documentation/swagger.ts
FN:21,setupSwagger
FNF:1
FNH:1
FNDA:5,setupSwagger
DA:1,5
DA:2,5
DA:4,5
DA:5,5
DA:7,5
DA:19,5
DA:21,5
DA:22,5
DA:24,5
DA:25,5
DA:26,0
DA:29,5
LF:12
LH:11
BRDA:25,0,0,0
BRF:1
BRH:0
end_of_record
TN:
SF:src/controllers/accommodationController.ts
FN:8,(anonymous_1)
FN:34,(anonymous_2)
FN:46,(anonymous_3)
FN:60,(anonymous_4)
FNF:4
FNH:4
FNDA:4,(anonymous_1)
FNDA:2,(anonymous_2)
FNDA:2,(anonymous_3)
FNDA:2,(anonymous_4)
DA:2,6
DA:8,6
DA:12,4
DA:13,4
DA:14,2
DA:15,2
DA:18,2
DA:19,2
DA:22,2
DA:24,0
DA:34,6
DA:38,2
DA:39,2
DA:46,6
DA:50,2
DA:54,2
DA:60,6
DA:64,2
DA:67,2
LF:19
LH:18
BRDA:13,0,0,2
BRF:1
BRH:1
end_of_record
TN:
SF:src/controllers/eventController.ts
FN:9,(anonymous_1)
FN:58,(anonymous_2)
FN:72,(anonymous_3)
FN:87,(anonymous_4)
FN:101,(anonymous_5)
FNF:5
FNH:5
FNDA:5,(anonymous_1)
FNDA:2,(anonymous_2)
FNDA:2,(anonymous_3)
FNDA:2,(anonymous_4)
FNDA:2,(anonymous_5)
DA:2,6
DA:9,6
DA:10,5
DA:11,5
DA:12,2
DA:13,2
DA:16,3
DA:17,3
DA:22,3
DA:23,1
DA:24,1
DA:27,2
DA:28,1
DA:31,1
DA:32,1
DA:35,1
DA:40,1
DA:41,0
DA:42,0
DA:45,1
DA:49,1
DA:51,0
DA:58,6
DA:62,2
DA:65,2
DA:72,6
DA:76,2
DA:77,2
DA:80,2
DA:87,6
DA:91,2
DA:95,2
DA:101,6
DA:105,2
DA:108,2
LF:35
LH:32
BRDA:11,0,0,2
BRDA:22,1,0,1
BRDA:27,2,0,1
BRDA:40,3,0,0
BRF:4
BRH:3
end_of_record
TN:
SF:src/controllers/leaseController.ts
FN:8,(anonymous_1)
FN:29,(anonymous_2)
FN:41,(anonymous_3)
FN:56,(anonymous_4)
FNF:4
FNH:4
FNDA:4,(anonymous_1)
FNDA:2,(anonymous_2)
FNDA:2,(anonymous_3)
FNDA:2,(anonymous_4)
DA:2,6
DA:8,6
DA:9,4
DA:10,4
DA:11,2
DA:12,2
DA:15,2
DA:16,2
DA:19,2
DA:21,0
DA:29,6
DA:33,2
DA:34,2
DA:41,6
DA:45,2
DA:49,2
DA:56,6
DA:60,2
DA:61,2
LF:19
LH:18
BRDA:10,0,0,2
BRF:1
BRH:1
end_of_record
TN:
SF:src/controllers/messageController.ts
FN:9,(anonymous_1)
FN:47,(anonymous_2)
FN:61,(anonymous_3)
FNF:3
FNH:3
FNDA:4,(anonymous_1)
FNDA:2,(anonymous_2)
FNDA:2,(anonymous_3)
DA:2,6
DA:9,6
DA:13,4
DA:14,4
DA:15,2
DA:16,2
DA:19,2
DA:20,2
DA:38,2
DA:40,0
DA:47,6
DA:51,2
DA:55,2
DA:61,6
DA:65,2
DA:68,2
LF:16
LH:15
BRDA:14,0,0,2
BRF:1
BRH:1
end_of_record
TN:
SF:src/controllers/userController.ts
FN:7,(anonymous_1)
FN:27,(anonymous_2)
FN:48,(anonymous_3)
FNF:3
FNH:3
FNDA:3,(anonymous_1)
FNDA:1,(anonymous_2)
FNDA:1,(anonymous_3)
DA:2,6
DA:7,6
DA:8,3
DA:10,3
DA:11,3
DA:18,3
DA:20,0
DA:27,6
DA:31,1
DA:32,1
DA:34,1
DA:35,1
DA:39,1
DA:41,0
DA:48,6
DA:52,1
DA:54,1
DA:55,1
DA:58,1
DA:60,0
LF:20
LH:17
BRDA:13,0,0,1
BRDA:13,0,1,2
BRDA:14,1,0,2
BRDA:14,1,1,1
BRDA:15,2,0,2
BRDA:15,2,1,1
BRF:6
BRH:6
end_of_record
TN:
SF:src/lib/prisma.ts
FNF:0
FNH:0
DA:1,10
DA:3,10
DA:5,10
LF:3
LH:3
BRF:0
BRH:0
end_of_record
TN:
SF:src/routes/accommodationRoutes.ts
FNF:0
FNH:0
DA:1,5
DA:2,5
DA:9,5
DA:39,5
DA:73,5
DA:109,5
DA:130,5
DA:132,5
LF:8
LH:8
BRF:0
BRH:0
end_of_record
TN:
SF:src/routes/eventRoutes.ts
FNF:0
FNH:0
DA:1,5
DA:2,5
DA:10,5
DA:40,5
DA:61,5
DA:94,5
DA:130,5
DA:151,5
DA:153,5
LF:9
LH:9
BRF:0
BRH:0
end_of_record
TN:
SF:src/routes/leaseRoutes.ts
FNF:0
FNH:0
DA:1,5
DA:2,5
DA:9,5
DA:39,5
DA:77,5
DA:119,5
DA:140,5
DA:142,5
LF:8
LH:8
BRF:0
BRH:0
end_of_record
TN:
SF:src/routes/messageRoutes.ts
FNF:0
FNH:0
DA:1,5
DA:2,5
DA:8,5
DA:38,5
DA:59,5
DA:80,5
DA:82,5
LF:7
LH:7
BRF:0
BRH:0
end_of_record
TN:
SF:src/routes/userRoutes.ts
FNF:0
FNH:0
DA:1,5
DA:2,5
DA:8,5
DA:43,5
DA:61,5
DA:97,5
DA:99,5
LF:7
LH:7
BRF:0
BRH:0
end_of_record
