TN:
SF:src/controllers/accommodationController.ts
FN:4,(anonymous_1)
FN:21,(anonymous_2)
FN:26,(anonymous_3)
FN:34,(anonymous_4)
FNF:4
FNH:4
FNDA:2,(anonymous_1)
FNDA:1,(anonymous_2)
FNDA:1,(anonymous_3)
FNDA:1,(anonymous_4)
DA:2,1
DA:4,1
DA:5,2
DA:6,2
DA:7,1
DA:8,1
DA:11,1
DA:12,1
DA:15,1
DA:17,0
DA:21,1
DA:22,1
DA:23,1
DA:26,1
DA:27,1
DA:31,1
DA:34,1
DA:35,1
DA:36,1
LF:19
LH:18
BRDA:6,0,0,1
BRF:1
BRH:1
end_of_record
TN:
SF:src/controllers/eventController.ts
FN:4,(anonymous_1)
FN:51,(anonymous_2)
FN:58,(anonymous_3)
FN:66,(anonymous_4)
FN:74,(anonymous_5)
FNF:5
FNH:5
FNDA:3,(anonymous_1)
FNDA:1,(anonymous_2)
FNDA:1,(anonymous_3)
FNDA:1,(anonymous_4)
FNDA:1,(anonymous_5)
DA:2,1
DA:4,1
DA:5,3
DA:6,3
DA:7,1
DA:8,1
DA:11,2
DA:12,2
DA:17,2
DA:18,0
DA:19,0
DA:22,2
DA:23,1
DA:26,1
DA:27,1
DA:31,1
DA:36,1
DA:37,0
DA:38,0
DA:41,1
DA:45,1
DA:47,0
DA:51,1
DA:52,1
DA:55,1
DA:58,1
DA:59,1
DA:60,1
DA:63,1
DA:66,1
DA:67,1
DA:71,1
DA:74,1
DA:75,1
DA:78,1
LF:35
LH:30
BRDA:6,0,0,1
BRDA:17,1,0,0
BRDA:22,2,0,1
BRDA:36,3,0,0
BRF:4
BRH:2
end_of_record
TN:
SF:src/controllers/leaseController.ts
FN:4,(anonymous_1)
FN:21,(anonymous_2)
FN:26,(anonymous_3)
FN:34,(anonymous_4)
FNF:4
FNH:4
FNDA:2,(anonymous_1)
FNDA:1,(anonymous_2)
FNDA:1,(anonymous_3)
FNDA:1,(anonymous_4)
DA:2,1
DA:4,1
DA:5,2
DA:6,2
DA:7,1
DA:8,1
DA:11,1
DA:12,1
DA:15,1
DA:17,0
DA:21,1
DA:22,1
DA:23,1
DA:26,1
DA:27,1
DA:31,1
DA:34,1
DA:35,1
DA:36,1
LF:19
LH:18
BRDA:6,0,0,1
BRF:1
BRH:1
end_of_record
TN:
SF:src/controllers/messageController.ts
FN:4,(anonymous_1)
FN:34,(anonymous_2)
FN:42,(anonymous_3)
FNF:3
FNH:3
FNDA:2,(anonymous_1)
FNDA:1,(anonymous_2)
FNDA:1,(anonymous_3)
DA:2,1
DA:4,1
DA:5,2
DA:6,2
DA:8,1
DA:9,1
DA:27,1
DA:29,0
DA:34,1
DA:35,1
DA:39,1
DA:42,1
DA:43,1
DA:44,1
LF:14
LH:13
BRDA:6,0,0,1
BRF:1
BRH:1
end_of_record
TN:
SF:src/controllers/userController.ts
FN:5,(anonymous_1)
FN:23,(anonymous_2)
FN:37,(anonymous_3)
FNF:3
FNH:3
FNDA:1,(anonymous_1)
FNDA:1,(anonymous_2)
FNDA:1,(anonymous_3)
DA:2,1
DA:5,1
DA:6,1
DA:8,1
DA:9,1
DA:16,1
DA:18,0
DA:23,1
DA:24,1
DA:25,1
DA:27,1
DA:28,1
DA:32,1
DA:34,0
DA:37,1
DA:38,1
DA:39,1
DA:40,1
DA:43,1
DA:45,0
LF:20
LH:17
BRDA:11,0,0,1
BRDA:11,0,1,0
BRDA:12,1,0,1
BRDA:12,1,1,0
BRDA:13,2,0,1
BRDA:13,2,1,0
BRF:6
BRH:3
end_of_record
